<?xml version="1.0" encoding="UTF-8"?>
<testng-results skipped="0" failed="1" total="2" passed="1">
  <reporter-output>
  </reporter-output>
  <suite name="Test Plan" duration-ms="30401" started-at="2015-08-20T18:10:22Z" finished-at="2015-08-20T18:10:52Z">
    <groups>
    </groups>
    <test name="Smoke Tests" duration-ms="30401" started-at="2015-08-20T18:10:22Z" finished-at="2015-08-20T18:10:52Z">
      <class name="com.epam.kzta2014.GitHubAutomationTest">
        <test-method status="PASS" signature="setUp()[pri:0, instance:com.epam.kzta2014.GitHubAutomationTest@256216b3]" name="setUp" is-config="true" duration-ms="6714" started-at="2015-08-20T21:10:22Z" description="Init browser" finished-at="2015-08-20T21:10:28Z">
          <reporter-output>
          </reporter-output>
        </test-method> <!-- setUp -->
        <test-method status="PASS" signature="oneCanCreateProject()[pri:0, instance:com.epam.kzta2014.GitHubAutomationTest@256216b3]" name="oneCanCreateProject" duration-ms="13278" started-at="2015-08-20T21:10:28Z" finished-at="2015-08-20T21:10:42Z">
          <reporter-output>
          </reporter-output>
        </test-method> <!-- oneCanCreateProject -->
        <test-method status="PASS" signature="stopBrowser()[pri:0, instance:com.epam.kzta2014.GitHubAutomationTest@256216b3]" name="stopBrowser" is-config="true" duration-ms="524" started-at="2015-08-20T21:10:42Z" description="Stop Browser" finished-at="2015-08-20T21:10:42Z">
          <reporter-output>
          </reporter-output>
        </test-method> <!-- stopBrowser -->
        <test-method status="PASS" signature="setUp()[pri:0, instance:com.epam.kzta2014.GitHubAutomationTest@256216b3]" name="setUp" is-config="true" duration-ms="4589" started-at="2015-08-20T21:10:42Z" description="Init browser" finished-at="2015-08-20T21:10:47Z">
          <reporter-output>
          </reporter-output>
        </test-method> <!-- setUp -->
        <test-method status="FAIL" signature="oneCanLoginGithub()[pri:0, instance:com.epam.kzta2014.GitHubAutomationTest@256216b3]" name="oneCanLoginGithub" duration-ms="4995" started-at="2015-08-20T21:10:47Z" description="Login to Github" finished-at="2015-08-20T21:10:52Z">
          <exception class="java.lang.AssertionError">
            <message>
              <![CDATA[expected [true] but found [false]]]>
            </message>
            <full-stacktrace>
              <![CDATA[java.lang.AssertionError: expected [true] but found [false]
	at org.testng.Assert.fail(Assert.java:94)
	at org.testng.Assert.failNotEquals(Assert.java:494)
	at org.testng.Assert.assertTrue(Assert.java:42)
	at org.testng.Assert.assertTrue(Assert.java:52)
	at com.epam.kzta2014.GitHubAutomationTest.oneCanLoginGithub(GitHubAutomationTest.java:36)
	at sun.reflect.NativeMethodAccessorImpl.invoke0(Native Method)
	at sun.reflect.NativeMethodAccessorImpl.invoke(NativeMethodAccessorImpl.java:62)
	at sun.reflect.DelegatingMethodAccessorImpl.invoke(DelegatingMethodAccessorImpl.java:43)
	at java.lang.reflect.Method.invoke(Method.java:497)
	at org.testng.internal.MethodInvocationHelper.invokeMethod(MethodInvocationHelper.java:84)
	at org.testng.internal.Invoker.invokeMethod(Invoker.java:714)
	at org.testng.internal.Invoker.invokeTestMethod(Invoker.java:901)
	at org.testng.internal.Invoker.invokeTestMethods(Invoker.java:1231)
	at org.testng.internal.TestMethodWorker.invokeTestMethods(TestMethodWorker.java:127)
	at org.testng.internal.TestMethodWorker.run(TestMethodWorker.java:111)
	at org.testng.TestRunner.privateRun(TestRunner.java:767)
	at org.testng.TestRunner.run(TestRunner.java:617)
	at org.testng.SuiteRunner.runTest(SuiteRunner.java:348)
	at org.testng.SuiteRunner.runSequentially(SuiteRunner.java:343)
	at org.testng.SuiteRunner.privateRun(SuiteRunner.java:305)
	at org.testng.SuiteRunner.run(SuiteRunner.java:254)
	at org.testng.SuiteRunnerWorker.runSuite(SuiteRunnerWorker.java:52)
	at org.testng.SuiteRunnerWorker.run(SuiteRunnerWorker.java:86)
	at org.testng.TestNG.runSuitesSequentially(TestNG.java:1224)
	at org.testng.TestNG.runSuitesLocally(TestNG.java:1149)
	at org.testng.TestNG.run(TestNG.java:1057)
	at org.testng.remote.RemoteTestNG.run(RemoteTestNG.java:111)
	at org.testng.remote.RemoteTestNG.initAndRun(RemoteTestNG.java:204)
	at org.testng.remote.RemoteTestNG.main(RemoteTestNG.java:175)
]]>
            </full-stacktrace>
          </exception> <!-- java.lang.AssertionError -->
          <reporter-output>
          </reporter-output>
        </test-method> <!-- oneCanLoginGithub -->
        <test-method status="PASS" signature="stopBrowser()[pri:0, instance:com.epam.kzta2014.GitHubAutomationTest@256216b3]" name="stopBrowser" is-config="true" duration-ms="269" started-at="2015-08-20T21:10:52Z" description="Stop Browser" finished-at="2015-08-20T21:10:52Z">
          <reporter-output>
          </reporter-output>
        </test-method> <!-- stopBrowser -->
      </class> <!-- com.epam.kzta2014.GitHubAutomationTest -->
    </test> <!-- Smoke Tests -->
  </suite> <!-- Test Plan -->
</testng-results>
