<?xml version="1.0" encoding="UTF-8"?>
<!-- Generated by org.testng.reporters.JUnitReportReporter -->
<testsuite hostname="EPBYMINW2701" name="com.epam.kzta2014.GitHubAutomationTest" tests="2" failures="2" timestamp="20 Aug 2015 14:41:23 GMT" time="14.877" errors="0">
  <testcase name="oneCanLoginGithub" time="6.573" classname="com.epam.kzta2014.GitHubAutomationTest">
    <failure type="java.lang.NoClassDefFoundError" message="org/apache/commons/lang/WordUtils">
      <![CDATA[java.lang.NoClassDefFoundError: org/apache/commons/lang/WordUtils
	at ru.yandex.qatools.htmlelements.loader.decorator.HtmlElementUtils.splitCamelCase(HtmlElementUtils.java:128)
	at ru.yandex.qatools.htmlelements.loader.decorator.HtmlElementUtils.getElementName(HtmlElementUtils.java:115)
	at ru.yandex.qatools.htmlelements.loader.decorator.HtmlElementDecorator.decorate(HtmlElementDecorator.java:56)
	at org.openqa.selenium.support.PageFactory.proxyFields(PageFactory.java:112)
	at org.openqa.selenium.support.PageFactory.initElements(PageFactory.java:104)
	at ru.yandex.qatools.htmlelements.loader.HtmlElementLoader.populatePageObject(HtmlElementLoader.java:181)
	at com.epam.kzta2014.pages.LoginPage.<init>(LoginPage.java:32)
	at com.epam.kzta2014.steps.Steps.loginGithub(Steps.java:34)
	at com.epam.kzta2014.GitHubAutomationTest.oneCanLoginGithub(GitHubAutomationTest.java:35)
	at sun.reflect.NativeMethodAccessorImpl.invoke0(Native Method)
	at sun.reflect.NativeMethodAccessorImpl.invoke(NativeMethodAccessorImpl.java:62)
	at sun.reflect.DelegatingMethodAccessorImpl.invoke(DelegatingMethodAccessorImpl.java:43)
	at java.lang.reflect.Method.invoke(Method.java:497)
	at org.testng.internal.MethodInvocationHelper.invokeMethod(MethodInvocationHelper.java:84)
	at org.testng.internal.Invoker.invokeMethod(Invoker.java:714)
	at org.testng.internal.Invoker.invokeTestMethod(Invoker.java:901)
	at org.testng.internal.Invoker.invokeTestMethods(Invoker.java:1231)
	at org.testng.internal.TestMethodWorker.invokeTestMethods(TestMethodWorker.java:127)
	at org.testng.internal.TestMethodWorker.run(TestMethodWorker.java:111)
	at org.testng.TestRunner.privateRun(TestRunner.java:767)
	at org.testng.TestRunner.run(TestRunner.java:617)
	at org.testng.SuiteRunner.runTest(SuiteRunner.java:348)
	at org.testng.SuiteRunner.runSequentially(SuiteRunner.java:343)
	at org.testng.SuiteRunner.privateRun(SuiteRunner.java:305)
	at org.testng.SuiteRunner.run(SuiteRunner.java:254)
	at org.testng.SuiteRunnerWorker.runSuite(SuiteRunnerWorker.java:52)
	at org.testng.SuiteRunnerWorker.run(SuiteRunnerWorker.java:86)
	at org.testng.TestNG.runSuitesSequentially(TestNG.java:1224)
	at org.testng.TestNG.runSuitesLocally(TestNG.java:1149)
	at org.testng.TestNG.run(TestNG.java:1057)
	at org.apache.maven.surefire.testng.TestNGExecutor.run(TestNGExecutor.java:115)
	at org.apache.maven.surefire.testng.TestNGDirectoryTestSuite.executeSingleClass(TestNGDirectoryTestSuite.java:128)
	at org.apache.maven.surefire.testng.TestNGDirectoryTestSuite.execute(TestNGDirectoryTestSuite.java:112)
	at org.apache.maven.surefire.testng.TestNGProvider.invoke(TestNGProvider.java:112)
	at org.apache.maven.surefire.booter.ForkedBooter.invokeProviderInSameClassLoader(ForkedBooter.java:200)
	at org.apache.maven.surefire.booter.ForkedBooter.runSuitesInProcess(ForkedBooter.java:153)
	at org.apache.maven.surefire.booter.ForkedBooter.main(ForkedBooter.java:103)
]]>
    </failure>
  </testcase> <!-- oneCanLoginGithub -->
  <testcase name="oneCanCreateProject" time="8.304" classname="com.epam.kzta2014.GitHubAutomationTest">
    <failure type="java.lang.NoClassDefFoundError" message="org/apache/commons/lang/WordUtils">
      <![CDATA[java.lang.NoClassDefFoundError: org/apache/commons/lang/WordUtils
	at ru.yandex.qatools.htmlelements.loader.decorator.HtmlElementUtils.splitCamelCase(HtmlElementUtils.java:128)
	at ru.yandex.qatools.htmlelements.loader.decorator.HtmlElementUtils.getElementName(HtmlElementUtils.java:115)
	at ru.yandex.qatools.htmlelements.loader.decorator.HtmlElementDecorator.decorate(HtmlElementDecorator.java:56)
	at org.openqa.selenium.support.PageFactory.proxyFields(PageFactory.java:112)
	at org.openqa.selenium.support.PageFactory.initElements(PageFactory.java:104)
	at ru.yandex.qatools.htmlelements.loader.HtmlElementLoader.populatePageObject(HtmlElementLoader.java:181)
	at com.epam.kzta2014.pages.LoginPage.<init>(LoginPage.java:32)
	at com.epam.kzta2014.steps.Steps.loginGithub(Steps.java:34)
	at com.epam.kzta2014.GitHubAutomationTest.oneCanCreateProject(GitHubAutomationTest.java:26)
	at sun.reflect.NativeMethodAccessorImpl.invoke0(Native Method)
	at sun.reflect.NativeMethodAccessorImpl.invoke(NativeMethodAccessorImpl.java:62)
	at sun.reflect.DelegatingMethodAccessorImpl.invoke(DelegatingMethodAccessorImpl.java:43)
	at java.lang.reflect.Method.invoke(Method.java:497)
	at org.testng.internal.MethodInvocationHelper.invokeMethod(MethodInvocationHelper.java:84)
	at org.testng.internal.Invoker.invokeMethod(Invoker.java:714)
	at org.testng.internal.Invoker.invokeTestMethod(Invoker.java:901)
	at org.testng.internal.Invoker.invokeTestMethods(Invoker.java:1231)
	at org.testng.internal.TestMethodWorker.invokeTestMethods(TestMethodWorker.java:127)
	at org.testng.internal.TestMethodWorker.run(TestMethodWorker.java:111)
	at org.testng.TestRunner.privateRun(TestRunner.java:767)
	at org.testng.TestRunner.run(TestRunner.java:617)
	at org.testng.SuiteRunner.runTest(SuiteRunner.java:348)
	at org.testng.SuiteRunner.runSequentially(SuiteRunner.java:343)
	at org.testng.SuiteRunner.privateRun(SuiteRunner.java:305)
	at org.testng.SuiteRunner.run(SuiteRunner.java:254)
	at org.testng.SuiteRunnerWorker.runSuite(SuiteRunnerWorker.java:52)
	at org.testng.SuiteRunnerWorker.run(SuiteRunnerWorker.java:86)
	at org.testng.TestNG.runSuitesSequentially(TestNG.java:1224)
	at org.testng.TestNG.runSuitesLocally(TestNG.java:1149)
	at org.testng.TestNG.run(TestNG.java:1057)
	at org.apache.maven.surefire.testng.TestNGExecutor.run(TestNGExecutor.java:115)
	at org.apache.maven.surefire.testng.TestNGDirectoryTestSuite.executeSingleClass(TestNGDirectoryTestSuite.java:128)
	at org.apache.maven.surefire.testng.TestNGDirectoryTestSuite.execute(TestNGDirectoryTestSuite.java:112)
	at org.apache.maven.surefire.testng.TestNGProvider.invoke(TestNGProvider.java:112)
	at org.apache.maven.surefire.booter.ForkedBooter.invokeProviderInSameClassLoader(ForkedBooter.java:200)
	at org.apache.maven.surefire.booter.ForkedBooter.runSuitesInProcess(ForkedBooter.java:153)
	at org.apache.maven.surefire.booter.ForkedBooter.main(ForkedBooter.java:103)
Caused by: java.lang.ClassNotFoundException: org.apache.commons.lang.WordUtils
	at java.net.URLClassLoader.findClass(URLClassLoader.java:381)
	at java.lang.ClassLoader.loadClass(ClassLoader.java:424)
	at sun.misc.Launcher$AppClassLoader.loadClass(Launcher.java:331)
	at java.lang.ClassLoader.loadClass(ClassLoader.java:357)
	... 37 more
]]>
    </failure>
  </testcase> <!-- oneCanCreateProject -->
</testsuite> <!-- com.epam.kzta2014.GitHubAutomationTest -->
